Copyright 1986-2020 Xilinx, Inc. All Rights Reserved.
------------------------------------------------------------------------------------------------------------------------
| Tool Version : Vivado v.2020.1 (win64) Build 2902540 Wed May 27 19:54:49 MDT 2020
| Date         : Fri Oct  7 16:54:25 2022
| Host         : 603-14 running 64-bit major release  (build 9200)
| Command      : report_drc -file BCD_to_FND_drc_routed.rpt -pb BCD_to_FND_drc_routed.pb -rpx BCD_to_FND_drc_routed.rpx
| Design       : BCD_to_FND
| Device       : xc7a35tcpg236-1
| Speed File   : -1
| Design State : Fully Routed
------------------------------------------------------------------------------------------------------------------------

Report DRC

Table of Contents
-----------------
1. REPORT SUMMARY
2. REPORT DETAILS

1. REPORT SUMMARY
-----------------
            Netlist: netlist
          Floorplan: design_1
      Design limits: <entire design considered>
           Ruledeck: default
             Max violations: <unlimited>
             Violations found: 1
+--------+----------+------------------------------------------------+------------+
| Rule   | Severity | Description                                    | Violations |
+--------+----------+------------------------------------------------+------------+
| PLIO-3 | Warning  | Placement Constraints Check for IO constraints | 1          |
+--------+----------+------------------------------------------------+------------+

2. REPORT DETAILS
-----------------
PLIO-3#1 Warning
Placement Constraints Check for IO constraints  
Partially locked IO Bus is found. Following components of the IO Bus i_digit_select[2:0] are not locked:  i_digit_select[2]
Related violations: <none>


